<?xml version="1.0" encoding="UTF-8"?>
<!-- Generated by org.testng.reporters.JUnitXMLReporter -->
<testsuite ignored="1" hostname="ansari" failures="0" tests="1" name="Default test" time="3.385" errors="0" timestamp="2020-01-31T17:54:44 IST">
  <testcase classname="restAssuredTests.Demo_BasicValidation_JsonResponce" name="testSingleContent" time="3.339"/>
  <testcase classname="restAssuredTests.Demo_BasicValidation_JsonResponce" name="testStatus" time="0.0">
    <ignored/>
  </testcase> <!-- testStatus -->
</testsuite> <!-- Default test -->
