<?xml version="1.0" encoding="UTF-8"?>
<testng-results ignored="1" total="2" passed="1" failed="0" skipped="0">
  <reporter-output>
  </reporter-output>
  <suite started-at="2020-01-31T17:54:40 IST" name="Default suite" finished-at="2020-01-31T17:54:44 IST" duration-ms="3385">
    <groups>
    </groups>
    <test started-at="2020-01-31T17:54:40 IST" name="Default test" finished-at="2020-01-31T17:54:44 IST" duration-ms="3385">
      <class name="restAssuredTests.Demo_BasicValidation_JsonResponce">
        <test-method signature="testSingleContent()[pri:0, instance:restAssuredTests.Demo_BasicValidation_JsonResponce@7fc229ab]" started-at="2020-01-31T17:54:40 IST" name="testSingleContent" finished-at="2020-01-31T17:54:44 IST" duration-ms="3339" status="PASS">
          <reporter-output>
          </reporter-output>
        </test-method> <!-- testSingleContent -->
      </class> <!-- restAssuredTests.Demo_BasicValidation_JsonResponce -->
    </test> <!-- Default test -->
  </suite> <!-- Default suite -->
</testng-results>
